14:08:37.19 [33m[WARN][0m Pants cannot infer owners for the following imports in the target lib_ercot/test_main.py:tests:

  * lib_ercot.utils.core.extract_row (line: 5)
  * lib_ercot.utils.core.parse_update_time (line: 5)

If you do not expect an import to be inferable, add `# pants: no-infer-dep` to the import line. Otherwise, see https://www.pantsbuild.org/2.30/docs/using-pants/troubleshooting-common-issues#import-errors-and-missing-dependencies for common problems.
14:08:37.20 [31m[ERROR][0m 1 Exception encountered:

Engine traceback:
  in `test` goal

InvalidFieldException: : Failed to get dependencies for //:reqs#pandas: The file or directory '3rdparty/python/default.lock' does not exist on disk in the workspace, so the address '3rdparty/python/default.lock:_python-default_lockfile' from the `dependencies` field from the target //:reqs#pandas cannot be resolved.

