14:11:02.14 [33m[WARN][0m Unmatched globs from lib_ercot:lib_ercot's `sources` field: ["lib_ercot/*.py", "lib_ercot/*.pyi"], excludes: ["lib_ercot/*_test.py", "lib_ercot/*_test.pyi", "lib_ercot/conftest.py", "lib_ercot/test_*.py", "lib_ercot/test_*.pyi", "lib_ercot/tests.py", "lib_ercot/tests.pyi"]

Do the file(s) exist? If so, check if the file(s) are in your `.gitignore` or the global `pants_ignore` option, which may result in Pants not being able to see the file(s) even though they exist on disk. Refer to https://www.pantsbuild.org/troubleshooting#pants-cannot-find-a-file-in-your-project.
14:11:02.16 [31m[ERROR][0m 1 Exception encountered:

Engine traceback:
  in `test` goal

InvalidFieldException: : Failed to get dependencies for //:reqs#pandas: The file or directory '3rdparty/python/default.lock' does not exist on disk in the workspace, so the address '3rdparty/python/default.lock:_python-default_lockfile' from the `dependencies` field from the target //:reqs#pandas cannot be resolved.

